<?xml version="1.0" encoding="UTF-8"?>
<!-- Generated by org.testng.reporters.JUnitReportReporter -->
<testsuite hostname="INLEN8520087172" failures="0" tests="1" name="com.Tests.Test1" time="46.020" errors="0" timestamp="2023-01-09T18:16:00 IST" skipped="0">
  <testcase classname="com.Tests.Test1" name="verifyLoggedInUsername" time="46.020"/>
  <system-out/>
</testsuite> <!-- com.Tests.Test1 -->
